  [1m[36m (14.6ms)[0m  [1mCREATE TABLE "board_memberships" ("id" INTEGER PRIMARY KEY AUTOINCREMENT NOT NULL, "member_id" integer, "board_id" integer, "created_at" datetime, "updated_at" datetime) [0m
  [1m[35m (1.3ms)[0m  CREATE TABLE "boards" ("id" INTEGER PRIMARY KEY AUTOINCREMENT NOT NULL, "company_id" integer, "created_at" datetime, "updated_at" datetime) 
  [1m[36m (1.4ms)[0m  [1mCREATE TABLE "companies" ("id" INTEGER PRIMARY KEY AUTOINCREMENT NOT NULL, "name" varchar(255), "website" varchar(255), "market_cap" float, "ticker_symbol" varchar(255), "created_at" datetime, "updated_at" datetime, "exchange_id" integer) [0m
  [1m[35m (1.3ms)[0m  CREATE TABLE "exchanges" ("id" INTEGER PRIMARY KEY AUTOINCREMENT NOT NULL, "name" varchar(255), "created_at" datetime, "updated_at" datetime) 
  [1m[36m (1.3ms)[0m  [1mCREATE TABLE "executives" ("id" INTEGER PRIMARY KEY AUTOINCREMENT NOT NULL, "name" varchar(255), "created_at" datetime, "updated_at" datetime) [0m
  [1m[35m (1.5ms)[0m  CREATE TABLE "prices" ("id" INTEGER PRIMARY KEY AUTOINCREMENT NOT NULL, "company_id" integer, "open" float, "high" float, "low" float, "close" float, "price_date" date, "created_at" datetime, "updated_at" datetime) 
  [1m[36m (1.5ms)[0m  [1mCREATE TABLE "users" ("id" INTEGER PRIMARY KEY AUTOINCREMENT NOT NULL, "username" varchar(255), "password" varchar(255), "created_at" datetime, "updated_at" datetime) [0m
  [1m[35m (1.4ms)[0m  CREATE TABLE "watch_list_items" ("id" INTEGER PRIMARY KEY AUTOINCREMENT NOT NULL, "company_id" integer, "created_at" datetime, "updated_at" datetime, "start_date" date, "end_date" date, "watch_list_id" integer) 
  [1m[36m (1.6ms)[0m  [1mCREATE TABLE "watch_lists" ("id" INTEGER PRIMARY KEY AUTOINCREMENT NOT NULL, "name" varchar(255), "user_id" integer, "created_at" datetime, "updated_at" datetime) [0m
  [1m[35m (1.8ms)[0m  CREATE TABLE "schema_migrations" ("version" varchar(255) NOT NULL) 
  [1m[36m (2.1ms)[0m  [1mCREATE UNIQUE INDEX "unique_schema_migrations" ON "schema_migrations" ("version")[0m
  [1m[35m (0.2ms)[0m  SELECT version FROM "schema_migrations"
  [1m[36m (2.0ms)[0m  [1mINSERT INTO "schema_migrations" (version) VALUES ('20131124044755')[0m
  [1m[35m (1.6ms)[0m  INSERT INTO "schema_migrations" (version) VALUES ('20131122210355')
  [1m[36m (1.5ms)[0m  [1mINSERT INTO "schema_migrations" (version) VALUES ('20131122210522')[0m
  [1m[35m (1.3ms)[0m  INSERT INTO "schema_migrations" (version) VALUES ('20131122210659')
  [1m[36m (1.3ms)[0m  [1mINSERT INTO "schema_migrations" (version) VALUES ('20131122210848')[0m
  [1m[35m (1.2ms)[0m  INSERT INTO "schema_migrations" (version) VALUES ('20131122211133')
  [1m[36m (1.4ms)[0m  [1mINSERT INTO "schema_migrations" (version) VALUES ('20131122212532')[0m
  [1m[35m (1.2ms)[0m  INSERT INTO "schema_migrations" (version) VALUES ('20131122212545')
  [1m[36m (1.3ms)[0m  [1mINSERT INTO "schema_migrations" (version) VALUES ('20131122213924')[0m
  [1m[35m (1.4ms)[0m  INSERT INTO "schema_migrations" (version) VALUES ('20131122214909')
  [1m[36m (1.8ms)[0m  [1mINSERT INTO "schema_migrations" (version) VALUES ('20131122215107')[0m
  [1m[35m (1.3ms)[0m  INSERT INTO "schema_migrations" (version) VALUES ('20131122215134')
  [1m[36m (1.2ms)[0m  [1mINSERT INTO "schema_migrations" (version) VALUES ('20131123002951')[0m
  [1m[35m (1.3ms)[0m  INSERT INTO "schema_migrations" (version) VALUES ('20131123003149')
  [1m[36mActiveRecord::SchemaMigration Load (0.1ms)[0m  [1mSELECT "schema_migrations".* FROM "schema_migrations"[0m
  [1m[35m (0.1ms)[0m  begin transaction
  [1m[36mSQL (28.5ms)[0m  [1mINSERT INTO "exchanges" ("created_at", "name", "updated_at") VALUES (?, ?, ?)[0m  [["created_at", Sun, 20 Apr 2014 10:02:09 UTC +00:00], ["name", "NASDAQ"], ["updated_at", Sun, 20 Apr 2014 10:02:09 UTC +00:00]]
  [1m[35mSQL (0.3ms)[0m  INSERT INTO "companies" ("created_at", "exchange_id", "market_cap", "name", "ticker_symbol", "updated_at", "website") VALUES (?, ?, ?, ?, ?, ?, ?)  [["created_at", Sun, 20 Apr 2014 10:02:09 UTC +00:00], ["exchange_id", 1], ["market_cap", 4000.0], ["name", "Google"], ["ticker_symbol", "GOOG"], ["updated_at", Sun, 20 Apr 2014 10:02:09 UTC +00:00], ["website", "google.com"]]
  [1m[36mSQL (1.0ms)[0m  [1mINSERT INTO "prices" ("close", "company_id", "created_at", "high", "low", "open", "price_date", "updated_at") VALUES (?, ?, ?, ?, ?, ?, ?, ?)[0m  [["close", 1001.0], ["company_id", 1], ["created_at", Sun, 20 Apr 2014 10:02:09 UTC +00:00], ["high", 1010.0], ["low", 990.0], ["open", 1000.0], ["price_date", Sun, 20 Apr 2014], ["updated_at", Sun, 20 Apr 2014 10:02:09 UTC +00:00]]
  [1m[35mSQL (0.1ms)[0m  INSERT INTO "prices" ("close", "company_id", "created_at", "high", "low", "open", "price_date", "updated_at") VALUES (?, ?, ?, ?, ?, ?, ?, ?)  [["close", 1002.0], ["company_id", 1], ["created_at", Sun, 20 Apr 2014 10:02:09 UTC +00:00], ["high", 1011.0], ["low", 991.0], ["open", 1001.0], ["price_date", Mon, 21 Apr 2014], ["updated_at", Sun, 20 Apr 2014 10:02:09 UTC +00:00]]
  [1m[36mSQL (0.1ms)[0m  [1mINSERT INTO "prices" ("close", "company_id", "created_at", "high", "low", "open", "price_date", "updated_at") VALUES (?, ?, ?, ?, ?, ?, ?, ?)[0m  [["close", 1003.0], ["company_id", 1], ["created_at", Sun, 20 Apr 2014 10:02:09 UTC +00:00], ["high", 1012.0], ["low", 992.0], ["open", 1002.0], ["price_date", Tue, 22 Apr 2014], ["updated_at", Sun, 20 Apr 2014 10:02:09 UTC +00:00]]
  [1m[35mSQL (0.1ms)[0m  INSERT INTO "prices" ("close", "company_id", "created_at", "high", "low", "open", "price_date", "updated_at") VALUES (?, ?, ?, ?, ?, ?, ?, ?)  [["close", 1004.0], ["company_id", 1], ["created_at", Sun, 20 Apr 2014 10:02:09 UTC +00:00], ["high", 1013.0], ["low", 993.0], ["open", 1003.0], ["price_date", Wed, 23 Apr 2014], ["updated_at", Sun, 20 Apr 2014 10:02:09 UTC +00:00]]
  [1m[36mSQL (0.1ms)[0m  [1mINSERT INTO "prices" ("close", "company_id", "created_at", "high", "low", "open", "price_date", "updated_at") VALUES (?, ?, ?, ?, ?, ?, ?, ?)[0m  [["close", 1005.0], ["company_id", 1], ["created_at", Sun, 20 Apr 2014 10:02:09 UTC +00:00], ["high", 1014.0], ["low", 994.0], ["open", 1004.0], ["price_date", Thu, 24 Apr 2014], ["updated_at", Sun, 20 Apr 2014 10:02:09 UTC +00:00]]
  [1m[35mSQL (0.1ms)[0m  INSERT INTO "prices" ("close", "company_id", "created_at", "high", "low", "open", "price_date", "updated_at") VALUES (?, ?, ?, ?, ?, ?, ?, ?)  [["close", 1006.0], ["company_id", 1], ["created_at", Sun, 20 Apr 2014 10:02:09 UTC +00:00], ["high", 1015.0], ["low", 995.0], ["open", 1005.0], ["price_date", Fri, 25 Apr 2014], ["updated_at", Sun, 20 Apr 2014 10:02:09 UTC +00:00]]
  [1m[36mSQL (0.1ms)[0m  [1mINSERT INTO "prices" ("close", "company_id", "created_at", "high", "low", "open", "price_date", "updated_at") VALUES (?, ?, ?, ?, ?, ?, ?, ?)[0m  [["close", 1007.0], ["company_id", 1], ["created_at", Sun, 20 Apr 2014 10:02:09 UTC +00:00], ["high", 1016.0], ["low", 996.0], ["open", 1006.0], ["price_date", Sat, 26 Apr 2014], ["updated_at", Sun, 20 Apr 2014 10:02:09 UTC +00:00]]
  [1m[35mSQL (0.1ms)[0m  INSERT INTO "prices" ("close", "company_id", "created_at", "high", "low", "open", "price_date", "updated_at") VALUES (?, ?, ?, ?, ?, ?, ?, ?)  [["close", 1008.0], ["company_id", 1], ["created_at", Sun, 20 Apr 2014 10:02:09 UTC +00:00], ["high", 1017.0], ["low", 997.0], ["open", 1007.0], ["price_date", Sun, 27 Apr 2014], ["updated_at", Sun, 20 Apr 2014 10:02:09 UTC +00:00]]
  [1m[36mSQL (0.1ms)[0m  [1mINSERT INTO "prices" ("close", "company_id", "created_at", "high", "low", "open", "price_date", "updated_at") VALUES (?, ?, ?, ?, ?, ?, ?, ?)[0m  [["close", 1009.0], ["company_id", 1], ["created_at", Sun, 20 Apr 2014 10:02:09 UTC +00:00], ["high", 1018.0], ["low", 998.0], ["open", 1008.0], ["price_date", Mon, 28 Apr 2014], ["updated_at", Sun, 20 Apr 2014 10:02:09 UTC +00:00]]
  [1m[35mSQL (0.1ms)[0m  INSERT INTO "prices" ("close", "company_id", "created_at", "high", "low", "open", "price_date", "updated_at") VALUES (?, ?, ?, ?, ?, ?, ?, ?)  [["close", 1010.0], ["company_id", 1], ["created_at", Sun, 20 Apr 2014 10:02:09 UTC +00:00], ["high", 1019.0], ["low", 999.0], ["open", 1009.0], ["price_date", Tue, 29 Apr 2014], ["updated_at", Sun, 20 Apr 2014 10:02:09 UTC +00:00]]
  [1m[36mSQL (0.2ms)[0m  [1mINSERT INTO "executives" ("created_at", "name", "updated_at") VALUES (?, ?, ?)[0m  [["created_at", Sun, 20 Apr 2014 10:02:09 UTC +00:00], ["name", "Larry Page"], ["updated_at", Sun, 20 Apr 2014 10:02:09 UTC +00:00]]
  [1m[35mSQL (0.2ms)[0m  INSERT INTO "boards" ("company_id", "created_at", "updated_at") VALUES (?, ?, ?)  [["company_id", 1], ["created_at", Sun, 20 Apr 2014 10:02:09 UTC +00:00], ["updated_at", Sun, 20 Apr 2014 10:02:09 UTC +00:00]]
  [1m[36m (0.7ms)[0m  [1mrollback transaction[0m
  [1m[36m (6.0ms)[0m  [1mDROP TABLE "board_memberships"[0m
  [1m[35m (2.1ms)[0m  CREATE TABLE "board_memberships" ("id" INTEGER PRIMARY KEY AUTOINCREMENT NOT NULL, "member_id" integer, "board_id" integer, "created_at" datetime, "updated_at" datetime) 
  [1m[36m (1.4ms)[0m  [1mDROP TABLE "boards"[0m
  [1m[35m (1.5ms)[0m  CREATE TABLE "boards" ("id" INTEGER PRIMARY KEY AUTOINCREMENT NOT NULL, "company_id" integer, "created_at" datetime, "updated_at" datetime) 
  [1m[36m (1.2ms)[0m  [1mDROP TABLE "companies"[0m
  [1m[35m (1.5ms)[0m  CREATE TABLE "companies" ("id" INTEGER PRIMARY KEY AUTOINCREMENT NOT NULL, "name" varchar(255), "website" varchar(255), "market_cap" float, "ticker_symbol" varchar(255), "created_at" datetime, "updated_at" datetime, "exchange_id" integer) 
  [1m[36m (1.5ms)[0m  [1mDROP TABLE "exchanges"[0m
  [1m[35m (1.6ms)[0m  CREATE TABLE "exchanges" ("id" INTEGER PRIMARY KEY AUTOINCREMENT NOT NULL, "name" varchar(255), "created_at" datetime, "updated_at" datetime) 
  [1m[36m (1.8ms)[0m  [1mDROP TABLE "executives"[0m
  [1m[35m (2.1ms)[0m  CREATE TABLE "executives" ("id" INTEGER PRIMARY KEY AUTOINCREMENT NOT NULL, "name" varchar(255), "created_at" datetime, "updated_at" datetime) 
  [1m[36m (1.6ms)[0m  [1mDROP TABLE "prices"[0m
  [1m[35m (2.0ms)[0m  CREATE TABLE "prices" ("id" INTEGER PRIMARY KEY AUTOINCREMENT NOT NULL, "company_id" integer, "open" float, "high" float, "low" float, "close" float, "price_date" date, "created_at" datetime, "updated_at" datetime) 
  [1m[36m (1.2ms)[0m  [1mDROP TABLE "users"[0m
  [1m[35m (1.5ms)[0m  CREATE TABLE "users" ("id" INTEGER PRIMARY KEY AUTOINCREMENT NOT NULL, "username" varchar(255), "password" varchar(255), "created_at" datetime, "updated_at" datetime) 
  [1m[36m (1.6ms)[0m  [1mDROP TABLE "watch_list_items"[0m
  [1m[35m (1.9ms)[0m  CREATE TABLE "watch_list_items" ("id" INTEGER PRIMARY KEY AUTOINCREMENT NOT NULL, "company_id" integer, "created_at" datetime, "updated_at" datetime, "start_date" date, "end_date" date, "watch_list_id" integer) 
  [1m[36m (1.3ms)[0m  [1mDROP TABLE "watch_lists"[0m
  [1m[35m (2.6ms)[0m  CREATE TABLE "watch_lists" ("id" INTEGER PRIMARY KEY AUTOINCREMENT NOT NULL, "name" varchar(255), "user_id" integer, "created_at" datetime, "updated_at" datetime) 
  [1m[36m (0.1ms)[0m  [1mSELECT version FROM "schema_migrations"[0m
  [1m[36mActiveRecord::SchemaMigration Load (0.1ms)[0m  [1mSELECT "schema_migrations".* FROM "schema_migrations"[0m
  [1m[35m (0.1ms)[0m  begin transaction
  [1m[36mSQL (2.3ms)[0m  [1mINSERT INTO "exchanges" ("created_at", "name", "updated_at") VALUES (?, ?, ?)[0m  [["created_at", Sun, 20 Apr 2014 10:12:32 UTC +00:00], ["name", "NASDAQ"], ["updated_at", Sun, 20 Apr 2014 10:12:32 UTC +00:00]]
  [1m[35mSQL (0.3ms)[0m  INSERT INTO "companies" ("created_at", "exchange_id", "market_cap", "name", "ticker_symbol", "updated_at", "website") VALUES (?, ?, ?, ?, ?, ?, ?)  [["created_at", Sun, 20 Apr 2014 10:12:32 UTC +00:00], ["exchange_id", 1], ["market_cap", 4000.0], ["name", "Google"], ["ticker_symbol", "GOOG"], ["updated_at", Sun, 20 Apr 2014 10:12:32 UTC +00:00], ["website", "google.com"]]
  [1m[36mSQL (0.3ms)[0m  [1mINSERT INTO "prices" ("close", "company_id", "created_at", "high", "low", "open", "price_date", "updated_at") VALUES (?, ?, ?, ?, ?, ?, ?, ?)[0m  [["close", 1001.0], ["company_id", 1], ["created_at", Sun, 20 Apr 2014 10:12:32 UTC +00:00], ["high", 1010.0], ["low", 990.0], ["open", 1000.0], ["price_date", Sun, 20 Apr 2014], ["updated_at", Sun, 20 Apr 2014 10:12:32 UTC +00:00]]
  [1m[35mSQL (0.1ms)[0m  INSERT INTO "prices" ("close", "company_id", "created_at", "high", "low", "open", "price_date", "updated_at") VALUES (?, ?, ?, ?, ?, ?, ?, ?)  [["close", 1002.0], ["company_id", 1], ["created_at", Sun, 20 Apr 2014 10:12:32 UTC +00:00], ["high", 1011.0], ["low", 991.0], ["open", 1001.0], ["price_date", Mon, 21 Apr 2014], ["updated_at", Sun, 20 Apr 2014 10:12:32 UTC +00:00]]
  [1m[36mSQL (0.1ms)[0m  [1mINSERT INTO "prices" ("close", "company_id", "created_at", "high", "low", "open", "price_date", "updated_at") VALUES (?, ?, ?, ?, ?, ?, ?, ?)[0m  [["close", 1003.0], ["company_id", 1], ["created_at", Sun, 20 Apr 2014 10:12:32 UTC +00:00], ["high", 1012.0], ["low", 992.0], ["open", 1002.0], ["price_date", Tue, 22 Apr 2014], ["updated_at", Sun, 20 Apr 2014 10:12:32 UTC +00:00]]
  [1m[35mSQL (0.1ms)[0m  INSERT INTO "prices" ("close", "company_id", "created_at", "high", "low", "open", "price_date", "updated_at") VALUES (?, ?, ?, ?, ?, ?, ?, ?)  [["close", 1004.0], ["company_id", 1], ["created_at", Sun, 20 Apr 2014 10:12:32 UTC +00:00], ["high", 1013.0], ["low", 993.0], ["open", 1003.0], ["price_date", Wed, 23 Apr 2014], ["updated_at", Sun, 20 Apr 2014 10:12:32 UTC +00:00]]
  [1m[36mSQL (0.1ms)[0m  [1mINSERT INTO "prices" ("close", "company_id", "created_at", "high", "low", "open", "price_date", "updated_at") VALUES (?, ?, ?, ?, ?, ?, ?, ?)[0m  [["close", 1005.0], ["company_id", 1], ["created_at", Sun, 20 Apr 2014 10:12:32 UTC +00:00], ["high", 1014.0], ["low", 994.0], ["open", 1004.0], ["price_date", Thu, 24 Apr 2014], ["updated_at", Sun, 20 Apr 2014 10:12:32 UTC +00:00]]
  [1m[35mSQL (0.1ms)[0m  INSERT INTO "prices" ("close", "company_id", "created_at", "high", "low", "open", "price_date", "updated_at") VALUES (?, ?, ?, ?, ?, ?, ?, ?)  [["close", 1006.0], ["company_id", 1], ["created_at", Sun, 20 Apr 2014 10:12:32 UTC +00:00], ["high", 1015.0], ["low", 995.0], ["open", 1005.0], ["price_date", Fri, 25 Apr 2014], ["updated_at", Sun, 20 Apr 2014 10:12:32 UTC +00:00]]
  [1m[36mSQL (0.1ms)[0m  [1mINSERT INTO "prices" ("close", "company_id", "created_at", "high", "low", "open", "price_date", "updated_at") VALUES (?, ?, ?, ?, ?, ?, ?, ?)[0m  [["close", 1007.0], ["company_id", 1], ["created_at", Sun, 20 Apr 2014 10:12:32 UTC +00:00], ["high", 1016.0], ["low", 996.0], ["open", 1006.0], ["price_date", Sat, 26 Apr 2014], ["updated_at", Sun, 20 Apr 2014 10:12:32 UTC +00:00]]
  [1m[35mSQL (0.1ms)[0m  INSERT INTO "prices" ("close", "company_id", "created_at", "high", "low", "open", "price_date", "updated_at") VALUES (?, ?, ?, ?, ?, ?, ?, ?)  [["close", 1008.0], ["company_id", 1], ["created_at", Sun, 20 Apr 2014 10:12:32 UTC +00:00], ["high", 1017.0], ["low", 997.0], ["open", 1007.0], ["price_date", Sun, 27 Apr 2014], ["updated_at", Sun, 20 Apr 2014 10:12:32 UTC +00:00]]
  [1m[36mSQL (0.1ms)[0m  [1mINSERT INTO "prices" ("close", "company_id", "created_at", "high", "low", "open", "price_date", "updated_at") VALUES (?, ?, ?, ?, ?, ?, ?, ?)[0m  [["close", 1009.0], ["company_id", 1], ["created_at", Sun, 20 Apr 2014 10:12:32 UTC +00:00], ["high", 1018.0], ["low", 998.0], ["open", 1008.0], ["price_date", Mon, 28 Apr 2014], ["updated_at", Sun, 20 Apr 2014 10:12:32 UTC +00:00]]
  [1m[35mSQL (0.1ms)[0m  INSERT INTO "prices" ("close", "company_id", "created_at", "high", "low", "open", "price_date", "updated_at") VALUES (?, ?, ?, ?, ?, ?, ?, ?)  [["close", 1010.0], ["company_id", 1], ["created_at", Sun, 20 Apr 2014 10:12:32 UTC +00:00], ["high", 1019.0], ["low", 999.0], ["open", 1009.0], ["price_date", Tue, 29 Apr 2014], ["updated_at", Sun, 20 Apr 2014 10:12:32 UTC +00:00]]
  [1m[36mSQL (0.2ms)[0m  [1mINSERT INTO "executives" ("created_at", "name", "updated_at") VALUES (?, ?, ?)[0m  [["created_at", Sun, 20 Apr 2014 10:12:32 UTC +00:00], ["name", "Larry Page"], ["updated_at", Sun, 20 Apr 2014 10:12:32 UTC +00:00]]
  [1m[35mSQL (0.3ms)[0m  INSERT INTO "boards" ("company_id", "created_at", "updated_at") VALUES (?, ?, ?)  [["company_id", 1], ["created_at", Sun, 20 Apr 2014 10:12:32 UTC +00:00], ["updated_at", Sun, 20 Apr 2014 10:12:32 UTC +00:00]]
  [1m[36mSQL (0.2ms)[0m  [1mINSERT INTO "board_memberships" ("board_id", "created_at", "member_id", "updated_at") VALUES (?, ?, ?, ?)[0m  [["board_id", 1], ["created_at", Sun, 20 Apr 2014 10:12:32 UTC +00:00], ["member_id", 1], ["updated_at", Sun, 20 Apr 2014 10:12:32 UTC +00:00]]
  [1m[35mSQL (0.2ms)[0m  INSERT INTO "users" ("created_at", "password", "updated_at", "username") VALUES (?, ?, ?, ?)  [["created_at", Sun, 20 Apr 2014 10:12:32 UTC +00:00], ["password", "password"], ["updated_at", Sun, 20 Apr 2014 10:12:32 UTC +00:00], ["username", "stevej"]]
  [1m[36mSQL (0.2ms)[0m  [1mINSERT INTO "watch_lists" ("created_at", "name", "updated_at", "user_id") VALUES (?, ?, ?, ?)[0m  [["created_at", Sun, 20 Apr 2014 10:12:32 UTC +00:00], ["name", "big winners"], ["updated_at", Sun, 20 Apr 2014 10:12:32 UTC +00:00], ["user_id", 1]]
  [1m[35mSQL (0.3ms)[0m  INSERT INTO "watch_list_items" ("company_id", "created_at", "end_date", "start_date", "updated_at", "watch_list_id") VALUES (?, ?, ?, ?, ?, ?)  [["company_id", 1], ["created_at", Sun, 20 Apr 2014 10:12:32 UTC +00:00], ["end_date", Thu, 24 Apr 2014], ["start_date", Mon, 21 Apr 2014], ["updated_at", Sun, 20 Apr 2014 10:12:32 UTC +00:00], ["watch_list_id", 1]]
  [1m[36m (12.7ms)[0m  [1mcommit transaction[0m
