  [1m[36m (6.4ms)[0m  [1mDROP TABLE "course_enrollments"[0m
  [1m[35m (2.1ms)[0m  CREATE TABLE "course_enrollments" ("id" INTEGER PRIMARY KEY AUTOINCREMENT NOT NULL, "student_id" integer, "course_id" integer, "created_at" datetime NOT NULL, "updated_at" datetime NOT NULL) 
  [1m[36m (1.7ms)[0m  [1mDROP TABLE "courses"[0m
  [1m[35m (1.6ms)[0m  CREATE TABLE "courses" ("id" INTEGER PRIMARY KEY AUTOINCREMENT NOT NULL, "title" varchar(255), "description" varchar(255), "instructor_id" integer, "created_at" datetime NOT NULL, "updated_at" datetime NOT NULL) 
  [1m[36m (2.0ms)[0m  [1mDROP TABLE "houses"[0m
  [1m[35m (1.7ms)[0m  CREATE TABLE "houses" ("id" INTEGER PRIMARY KEY AUTOINCREMENT NOT NULL, "name" varchar(255), "building" varchar(255), "master_id" integer, "created_at" datetime NOT NULL, "updated_at" datetime NOT NULL) 
  [1m[36m (1.7ms)[0m  [1mDROP TABLE "schools"[0m
  [1m[35m (1.9ms)[0m  CREATE TABLE "schools" ("id" INTEGER PRIMARY KEY AUTOINCREMENT NOT NULL, "name" varchar(255), "headmaster_id" integer, "created_at" datetime NOT NULL, "updated_at" datetime NOT NULL) 
  [1m[36m (2.3ms)[0m  [1mDROP TABLE "wands"[0m
  [1m[35m (2.1ms)[0m  CREATE TABLE "wands" ("id" INTEGER PRIMARY KEY AUTOINCREMENT NOT NULL, "core_ingredient" varchar(255), "owner_id" integer, "created_at" datetime NOT NULL, "updated_at" datetime NOT NULL) 
  [1m[36m (2.0ms)[0m  [1mDROP TABLE "wizards"[0m
  [1m[35m (1.6ms)[0m  CREATE TABLE "wizards" ("id" INTEGER PRIMARY KEY AUTOINCREMENT NOT NULL, "fname" varchar(255), "lname" varchar(255), "house_id" integer, "school_id" integer, "created_at" datetime NOT NULL, "updated_at" datetime NOT NULL) 
  [1m[36m (0.1ms)[0m  [1mSELECT version FROM "schema_migrations"[0m
  [1m[36mActiveRecord::SchemaMigration Load (0.1ms)[0m  [1mSELECT "schema_migrations".* FROM "schema_migrations"[0m
  [1m[35m (0.1ms)[0m  begin transaction
  [1m[36mSQL (2.2ms)[0m  [1mINSERT INTO "wizards" ("created_at", "fname", "house_id", "lname", "school_id", "updated_at") VALUES (?, ?, ?, ?, ?, ?)[0m  [["created_at", Mon, 21 Apr 2014 16:10:43 UTC +00:00], ["fname", "Harry"], ["house_id", 1], ["lname", "Potter"], ["school_id", 1], ["updated_at", Mon, 21 Apr 2014 16:10:43 UTC +00:00]]
  [1m[35mSQL (0.1ms)[0m  INSERT INTO "wizards" ("created_at", "fname", "house_id", "lname", "school_id", "updated_at") VALUES (?, ?, ?, ?, ?, ?)  [["created_at", Mon, 21 Apr 2014 16:10:43 UTC +00:00], ["fname", "Ron"], ["house_id", 1], ["lname", "Weasley"], ["school_id", 1], ["updated_at", Mon, 21 Apr 2014 16:10:43 UTC +00:00]]
  [1m[36mSQL (0.1ms)[0m  [1mINSERT INTO "wizards" ("created_at", "fname", "house_id", "lname", "school_id", "updated_at") VALUES (?, ?, ?, ?, ?, ?)[0m  [["created_at", Mon, 21 Apr 2014 16:10:43 UTC +00:00], ["fname", "Hermione"], ["house_id", 1], ["lname", "Granger"], ["school_id", 1], ["updated_at", Mon, 21 Apr 2014 16:10:43 UTC +00:00]]
  [1m[35mSQL (0.1ms)[0m  INSERT INTO "wizards" ("created_at", "fname", "lname", "school_id", "updated_at") VALUES (?, ?, ?, ?, ?)  [["created_at", Mon, 21 Apr 2014 16:10:43 UTC +00:00], ["fname", "Professor"], ["lname", "McGonagall"], ["school_id", 1], ["updated_at", Mon, 21 Apr 2014 16:10:43 UTC +00:00]]
  [1m[36mSQL (0.1ms)[0m  [1mINSERT INTO "wizards" ("created_at", "fname", "lname", "school_id", "updated_at") VALUES (?, ?, ?, ?, ?)[0m  [["created_at", Mon, 21 Apr 2014 16:10:43 UTC +00:00], ["fname", "Albus"], ["lname", "Dumbledore"], ["school_id", 1], ["updated_at", Mon, 21 Apr 2014 16:10:43 UTC +00:00]]
  [1m[35mSQL (0.2ms)[0m  INSERT INTO "houses" ("building", "created_at", "master_id", "name", "updated_at") VALUES (?, ?, ?, ?, ?)  [["building", "The stone one"], ["created_at", Mon, 21 Apr 2014 16:10:43 UTC +00:00], ["master_id", 4], ["name", "Gryffindor"], ["updated_at", Mon, 21 Apr 2014 16:10:43 UTC +00:00]]
  [1m[36mSQL (0.1ms)[0m  [1mINSERT INTO "houses" ("building", "created_at", "name", "updated_at") VALUES (?, ?, ?, ?)[0m  [["building", "The stone one"], ["created_at", Mon, 21 Apr 2014 16:10:43 UTC +00:00], ["name", "Hufflepuff"], ["updated_at", Mon, 21 Apr 2014 16:10:43 UTC +00:00]]
  [1m[35mSQL (0.2ms)[0m  INSERT INTO "schools" ("created_at", "headmaster_id", "name", "updated_at") VALUES (?, ?, ?, ?)  [["created_at", Mon, 21 Apr 2014 16:10:43 UTC +00:00], ["headmaster_id", 5], ["name", "Hogwarts"], ["updated_at", Mon, 21 Apr 2014 16:10:43 UTC +00:00]]
  [1m[36mSQL (0.2ms)[0m  [1mINSERT INTO "courses" ("created_at", "description", "instructor_id", "title", "updated_at") VALUES (?, ?, ?, ?, ?)[0m  [["created_at", Mon, 21 Apr 2014 16:10:43 UTC +00:00], ["description", "Turning one thing into another thing"], ["instructor_id", 4], ["title", "Transfiguration"], ["updated_at", Mon, 21 Apr 2014 16:10:43 UTC +00:00]]
  [1m[35mSQL (0.2ms)[0m  INSERT INTO "course_enrollments" ("course_id", "created_at", "student_id", "updated_at") VALUES (?, ?, ?, ?)  [["course_id", 1], ["created_at", Mon, 21 Apr 2014 16:10:43 UTC +00:00], ["student_id", 1], ["updated_at", Mon, 21 Apr 2014 16:10:43 UTC +00:00]]
  [1m[36mSQL (0.1ms)[0m  [1mINSERT INTO "course_enrollments" ("course_id", "created_at", "student_id", "updated_at") VALUES (?, ?, ?, ?)[0m  [["course_id", 1], ["created_at", Mon, 21 Apr 2014 16:10:43 UTC +00:00], ["student_id", 2], ["updated_at", Mon, 21 Apr 2014 16:10:43 UTC +00:00]]
  [1m[35mSQL (0.1ms)[0m  INSERT INTO "course_enrollments" ("course_id", "created_at", "student_id", "updated_at") VALUES (?, ?, ?, ?)  [["course_id", 1], ["created_at", Mon, 21 Apr 2014 16:10:43 UTC +00:00], ["student_id", 3], ["updated_at", Mon, 21 Apr 2014 16:10:43 UTC +00:00]]
  [1m[36mSQL (0.2ms)[0m  [1mINSERT INTO "wands" ("core_ingredient", "created_at", "owner_id", "updated_at") VALUES (?, ?, ?, ?)[0m  [["core_ingredient", "Phoenix Feather"], ["created_at", Mon, 21 Apr 2014 16:10:43 UTC +00:00], ["owner_id", 1], ["updated_at", Mon, 21 Apr 2014 16:10:43 UTC +00:00]]
  [1m[35mSQL (0.1ms)[0m  INSERT INTO "wands" ("core_ingredient", "created_at", "owner_id", "updated_at") VALUES (?, ?, ?, ?)  [["core_ingredient", "Swag"], ["created_at", Mon, 21 Apr 2014 16:10:43 UTC +00:00], ["owner_id", 5], ["updated_at", Mon, 21 Apr 2014 16:10:43 UTC +00:00]]
  [1m[36m (6.1ms)[0m  [1mcommit transaction[0m
